[0.085s] DEBUG:colcon:Command line arguments: ['/usr/bin/colcon', 'build']
[0.085s] DEBUG:colcon:Parsed command line arguments: Namespace(log_base=None, log_level=None, verb_name='build', build_base='build', install_base='install', merge_install=False, symlink_install=False, test_result_base=None, continue_on_error=False, executor='parallel', parallel_workers=15, event_handlers=None, ignore_user_meta=False, metas=['./colcon.meta'], base_paths=['.'], packages_ignore=None, packages_ignore_regex=None, paths=None, packages_up_to=None, packages_up_to_regex=None, packages_above=None, packages_above_and_dependencies=None, packages_above_depth=None, packages_select_by_dep=None, packages_skip_by_dep=None, packages_skip_up_to=None, packages_select_build_failed=False, packages_skip_build_finished=False, packages_select_test_failures=False, packages_skip_test_passed=False, packages_select=None, packages_skip=None, packages_select_regex=None, packages_skip_regex=None, packages_start=None, packages_end=None, allow_overriding=[], cmake_args=None, cmake_target=None, cmake_target_skip_unavailable=False, cmake_clean_cache=False, cmake_clean_first=False, cmake_force_configure=False, ament_cmake_args=None, catkin_cmake_args=None, catkin_skip_building_tests=False, mixin_files=None, mixin=None, verb_parser=<colcon_mixin.mixin.mixin_argument.MixinArgumentDecorator object at 0x75419dc81160>, verb_extension=<colcon_core.verb.build.BuildVerb object at 0x75419dda8c80>, main=<bound method BuildVerb.main of <colcon_core.verb.build.BuildVerb object at 0x75419dda8c80>>, mixin_verb=('build',))
[0.122s] Level 1:colcon.colcon_core.package_discovery:discover_packages(colcon_meta) check parameters
[0.122s] Level 1:colcon.colcon_core.package_discovery:discover_packages(recursive) check parameters
[0.122s] Level 1:colcon.colcon_core.package_discovery:discover_packages(ignore) check parameters
[0.122s] Level 1:colcon.colcon_core.package_discovery:discover_packages(path) check parameters
[0.122s] Level 1:colcon.colcon_core.package_discovery:discover_packages(colcon_meta) discover
[0.122s] Level 1:colcon.colcon_core.package_discovery:discover_packages(recursive) discover
[0.122s] INFO:colcon.colcon_core.package_discovery:Crawling recursively for packages in '/home/tanish/ros2_ws'
[0.122s] Level 1:colcon.colcon_core.package_identification:_identify(.) by extensions ['ignore', 'ignore_ament_install']
[0.122s] Level 1:colcon.colcon_core.package_identification:_identify(.) by extension 'ignore'
[0.122s] Level 1:colcon.colcon_core.package_identification:_identify(.) by extension 'ignore_ament_install'
[0.122s] Level 1:colcon.colcon_core.package_identification:_identify(.) by extensions ['colcon_pkg']
[0.122s] Level 1:colcon.colcon_core.package_identification:_identify(.) by extension 'colcon_pkg'
[0.122s] Level 1:colcon.colcon_core.package_identification:_identify(.) by extensions ['colcon_meta']
[0.122s] Level 1:colcon.colcon_core.package_identification:_identify(.) by extension 'colcon_meta'
[0.122s] Level 1:colcon.colcon_core.package_identification:_identify(.) by extensions ['ros']
[0.123s] Level 1:colcon.colcon_core.package_identification:_identify(.) by extension 'ros'
[0.149s] Level 1:colcon.colcon_core.package_identification:_identify(.) by extensions ['cmake', 'python']
[0.150s] Level 1:colcon.colcon_core.package_identification:_identify(.) by extension 'cmake'
[0.150s] Level 1:colcon.colcon_core.package_identification:_identify(.) by extension 'python'
[0.150s] Level 1:colcon.colcon_core.package_identification:_identify(.) by extensions ['python_setup_py']
[0.150s] Level 1:colcon.colcon_core.package_identification:_identify(.) by extension 'python_setup_py'
[0.150s] Level 1:colcon.colcon_core.package_identification:_identify(build) by extensions ['ignore', 'ignore_ament_install']
[0.150s] Level 1:colcon.colcon_core.package_identification:_identify(build) by extension 'ignore'
[0.150s] Level 1:colcon.colcon_core.package_identification:_identify(build) ignored
[0.150s] Level 1:colcon.colcon_core.package_identification:_identify(install) by extensions ['ignore', 'ignore_ament_install']
[0.150s] Level 1:colcon.colcon_core.package_identification:_identify(install) by extension 'ignore'
[0.150s] Level 1:colcon.colcon_core.package_identification:_identify(install) ignored
[0.150s] Level 1:colcon.colcon_core.package_identification:_identify(log) by extensions ['ignore', 'ignore_ament_install']
[0.150s] Level 1:colcon.colcon_core.package_identification:_identify(log) by extension 'ignore'
[0.150s] Level 1:colcon.colcon_core.package_identification:_identify(log) ignored
[0.150s] Level 1:colcon.colcon_core.package_identification:_identify(src) by extensions ['ignore', 'ignore_ament_install']
[0.150s] Level 1:colcon.colcon_core.package_identification:_identify(src) by extension 'ignore'
[0.150s] Level 1:colcon.colcon_core.package_identification:_identify(src) by extension 'ignore_ament_install'
[0.150s] Level 1:colcon.colcon_core.package_identification:_identify(src) by extensions ['colcon_pkg']
[0.150s] Level 1:colcon.colcon_core.package_identification:_identify(src) by extension 'colcon_pkg'
[0.151s] Level 1:colcon.colcon_core.package_identification:_identify(src) by extensions ['colcon_meta']
[0.151s] Level 1:colcon.colcon_core.package_identification:_identify(src) by extension 'colcon_meta'
[0.151s] Level 1:colcon.colcon_core.package_identification:_identify(src) by extensions ['ros']
[0.151s] Level 1:colcon.colcon_core.package_identification:_identify(src) by extension 'ros'
[0.151s] Level 1:colcon.colcon_core.package_identification:_identify(src) by extensions ['cmake', 'python']
[0.151s] Level 1:colcon.colcon_core.package_identification:_identify(src) by extension 'cmake'
[0.151s] Level 1:colcon.colcon_core.package_identification:_identify(src) by extension 'python'
[0.151s] Level 1:colcon.colcon_core.package_identification:_identify(src) by extensions ['python_setup_py']
[0.151s] Level 1:colcon.colcon_core.package_identification:_identify(src) by extension 'python_setup_py'
[0.151s] Level 1:colcon.colcon_core.package_identification:_identify(src/cpp_pubsub) by extensions ['ignore', 'ignore_ament_install']
[0.151s] Level 1:colcon.colcon_core.package_identification:_identify(src/cpp_pubsub) by extension 'ignore'
[0.151s] Level 1:colcon.colcon_core.package_identification:_identify(src/cpp_pubsub) by extension 'ignore_ament_install'
[0.151s] Level 1:colcon.colcon_core.package_identification:_identify(src/cpp_pubsub) by extensions ['colcon_pkg']
[0.151s] Level 1:colcon.colcon_core.package_identification:_identify(src/cpp_pubsub) by extension 'colcon_pkg'
[0.151s] Level 1:colcon.colcon_core.package_identification:_identify(src/cpp_pubsub) by extensions ['colcon_meta']
[0.151s] Level 1:colcon.colcon_core.package_identification:_identify(src/cpp_pubsub) by extension 'colcon_meta'
[0.151s] Level 1:colcon.colcon_core.package_identification:_identify(src/cpp_pubsub) by extensions ['ros']
[0.151s] Level 1:colcon.colcon_core.package_identification:_identify(src/cpp_pubsub) by extension 'ros'
[0.153s] DEBUG:colcon.colcon_core.package_identification:Package 'src/cpp_pubsub' with type 'ros.ament_cmake' and name 'cpp_pubsub'
[0.154s] Level 1:colcon.colcon_core.package_identification:_identify(src/py_pubsub) by extensions ['ignore', 'ignore_ament_install']
[0.154s] Level 1:colcon.colcon_core.package_identification:_identify(src/py_pubsub) by extension 'ignore'
[0.154s] Level 1:colcon.colcon_core.package_identification:_identify(src/py_pubsub) by extension 'ignore_ament_install'
[0.154s] Level 1:colcon.colcon_core.package_identification:_identify(src/py_pubsub) by extensions ['colcon_pkg']
[0.154s] Level 1:colcon.colcon_core.package_identification:_identify(src/py_pubsub) by extension 'colcon_pkg'
[0.154s] Level 1:colcon.colcon_core.package_identification:_identify(src/py_pubsub) by extensions ['colcon_meta']
[0.154s] Level 1:colcon.colcon_core.package_identification:_identify(src/py_pubsub) by extension 'colcon_meta'
[0.154s] Level 1:colcon.colcon_core.package_identification:_identify(src/py_pubsub) by extensions ['ros']
[0.154s] Level 1:colcon.colcon_core.package_identification:_identify(src/py_pubsub) by extension 'ros'
[0.154s] DEBUG:colcon.colcon_core.package_identification:Package 'src/py_pubsub' with type 'ros.ament_python' and name 'py_pubsub'
[0.154s] Level 1:colcon.colcon_core.package_discovery:discover_packages(recursive) using defaults
[0.154s] Level 1:colcon.colcon_core.package_discovery:discover_packages(ignore) discover
[0.154s] Level 1:colcon.colcon_core.package_discovery:discover_packages(ignore) using defaults
[0.154s] Level 1:colcon.colcon_core.package_discovery:discover_packages(path) discover
[0.155s] Level 1:colcon.colcon_core.package_discovery:discover_packages(path) using defaults
[0.171s] Level 1:colcon.colcon_core.package_discovery:discover_packages(prefix_path) check parameters
[0.171s] Level 1:colcon.colcon_core.package_discovery:discover_packages(prefix_path) discover
[0.171s] WARNING:colcon.colcon_ros.prefix_path.ament:The path '/home/tanish/ros2_ws/install/py_pubsub' in the environment variable AMENT_PREFIX_PATH doesn't exist
[0.172s] WARNING:colcon.colcon_ros.prefix_path.ament:The path '/home/tanish/ros2_ws/install/cpp_pubsub' in the environment variable AMENT_PREFIX_PATH doesn't exist
[0.172s] WARNING:colcon.colcon_ros.prefix_path.catkin:The path '/home/tanish/ros2_ws/install/cpp_pubsub' in the environment variable CMAKE_PREFIX_PATH doesn't exist
[0.172s] DEBUG:colcon.colcon_installed_package_information.package_discovery:Found 0 installed packages in /home/tanish/ros2_ws/install
[0.174s] DEBUG:colcon.colcon_installed_package_information.package_discovery:Found 197 installed packages in /opt/ros/jazzy
[0.174s] Level 1:colcon.colcon_core.package_discovery:discover_packages(prefix_path) using defaults
[0.235s] Level 5:colcon.colcon_core.verb:set package 'cpp_pubsub' build argument 'cmake_args' from command line to 'None'
[0.235s] Level 5:colcon.colcon_core.verb:set package 'cpp_pubsub' build argument 'cmake_target' from command line to 'None'
[0.235s] Level 5:colcon.colcon_core.verb:set package 'cpp_pubsub' build argument 'cmake_target_skip_unavailable' from command line to 'False'
[0.235s] Level 5:colcon.colcon_core.verb:set package 'cpp_pubsub' build argument 'cmake_clean_cache' from command line to 'False'
[0.235s] Level 5:colcon.colcon_core.verb:set package 'cpp_pubsub' build argument 'cmake_clean_first' from command line to 'False'
[0.235s] Level 5:colcon.colcon_core.verb:set package 'cpp_pubsub' build argument 'cmake_force_configure' from command line to 'False'
[0.235s] Level 5:colcon.colcon_core.verb:set package 'cpp_pubsub' build argument 'ament_cmake_args' from command line to 'None'
[0.235s] Level 5:colcon.colcon_core.verb:set package 'cpp_pubsub' build argument 'catkin_cmake_args' from command line to 'None'
[0.235s] Level 5:colcon.colcon_core.verb:set package 'cpp_pubsub' build argument 'catkin_skip_building_tests' from command line to 'False'
[0.235s] DEBUG:colcon.colcon_core.verb:Building package 'cpp_pubsub' with the following arguments: {'ament_cmake_args': None, 'build_base': '/home/tanish/ros2_ws/build/cpp_pubsub', 'catkin_cmake_args': None, 'catkin_skip_building_tests': False, 'cmake_args': None, 'cmake_clean_cache': False, 'cmake_clean_first': False, 'cmake_force_configure': False, 'cmake_target': None, 'cmake_target_skip_unavailable': False, 'install_base': '/home/tanish/ros2_ws/install/cpp_pubsub', 'merge_install': False, 'path': '/home/tanish/ros2_ws/src/cpp_pubsub', 'symlink_install': False, 'test_result_base': None}
[0.235s] Level 5:colcon.colcon_core.verb:set package 'py_pubsub' build argument 'cmake_args' from command line to 'None'
[0.235s] Level 5:colcon.colcon_core.verb:set package 'py_pubsub' build argument 'cmake_target' from command line to 'None'
[0.235s] Level 5:colcon.colcon_core.verb:set package 'py_pubsub' build argument 'cmake_target_skip_unavailable' from command line to 'False'
[0.235s] Level 5:colcon.colcon_core.verb:set package 'py_pubsub' build argument 'cmake_clean_cache' from command line to 'False'
[0.235s] Level 5:colcon.colcon_core.verb:set package 'py_pubsub' build argument 'cmake_clean_first' from command line to 'False'
[0.235s] Level 5:colcon.colcon_core.verb:set package 'py_pubsub' build argument 'cmake_force_configure' from command line to 'False'
[0.235s] Level 5:colcon.colcon_core.verb:set package 'py_pubsub' build argument 'ament_cmake_args' from command line to 'None'
[0.235s] Level 5:colcon.colcon_core.verb:set package 'py_pubsub' build argument 'catkin_cmake_args' from command line to 'None'
[0.235s] Level 5:colcon.colcon_core.verb:set package 'py_pubsub' build argument 'catkin_skip_building_tests' from command line to 'False'
[0.235s] DEBUG:colcon.colcon_core.verb:Building package 'py_pubsub' with the following arguments: {'ament_cmake_args': None, 'build_base': '/home/tanish/ros2_ws/build/py_pubsub', 'catkin_cmake_args': None, 'catkin_skip_building_tests': False, 'cmake_args': None, 'cmake_clean_cache': False, 'cmake_clean_first': False, 'cmake_force_configure': False, 'cmake_target': None, 'cmake_target_skip_unavailable': False, 'install_base': '/home/tanish/ros2_ws/install/py_pubsub', 'merge_install': False, 'path': '/home/tanish/ros2_ws/src/py_pubsub', 'symlink_install': False, 'test_result_base': None}
[0.235s] INFO:colcon.colcon_core.executor:Executing jobs using 'parallel' executor
[0.237s] DEBUG:colcon.colcon_parallel_executor.executor.parallel:run_until_complete
[0.237s] INFO:colcon.colcon_ros.task.ament_cmake.build:Building ROS package in '/home/tanish/ros2_ws/src/cpp_pubsub' with build type 'ament_cmake'
[0.238s] INFO:colcon.colcon_cmake.task.cmake.build:Building CMake package in '/home/tanish/ros2_ws/src/cpp_pubsub'
[0.239s] INFO:colcon.colcon_core.plugin_system:Skipping extension 'colcon_core.shell.bat': Not used on non-Windows systems
[0.240s] INFO:colcon.colcon_core.shell:Skip shell extension 'powershell' for command environment: Not usable outside of PowerShell
[0.240s] DEBUG:colcon.colcon_core.shell:Skip shell extension 'dsv' for command environment
[0.242s] INFO:colcon.colcon_ros.task.ament_python.build:Building ROS package in '/home/tanish/ros2_ws/src/py_pubsub' with build type 'ament_python'
[0.242s] Level 1:colcon.colcon_core.shell:create_environment_hook('py_pubsub', 'ament_prefix_path')
[0.242s] INFO:colcon.colcon_core.shell:Creating environment hook '/home/tanish/ros2_ws/install/py_pubsub/share/py_pubsub/hook/ament_prefix_path.ps1'
[0.243s] INFO:colcon.colcon_core.shell:Creating environment descriptor '/home/tanish/ros2_ws/install/py_pubsub/share/py_pubsub/hook/ament_prefix_path.dsv'
[0.244s] INFO:colcon.colcon_core.shell:Creating environment hook '/home/tanish/ros2_ws/install/py_pubsub/share/py_pubsub/hook/ament_prefix_path.sh'
[0.244s] INFO:colcon.colcon_core.shell:Skip shell extension 'powershell' for command environment: Not usable outside of PowerShell
[0.244s] DEBUG:colcon.colcon_core.shell:Skip shell extension 'dsv' for command environment
[0.251s] DEBUG:colcon.colcon_core.event_handler.log_command:Invoking command in '/home/tanish/ros2_ws/build/cpp_pubsub': CMAKE_PREFIX_PATH=${CMAKE_PREFIX_PATH}:/home/tanish/ros2_ws/install/py_pubsub:/opt/ros/jazzy DEBUGINFOD_URLS=https://debuginfod.ubuntu.com /usr/bin/cmake /home/tanish/ros2_ws/src/cpp_pubsub -DCMAKE_INSTALL_PREFIX=/home/tanish/ros2_ws/install/cpp_pubsub
[1.214s] INFO:colcon.colcon_core.task.python.build:Building Python package in '/home/tanish/ros2_ws/src/py_pubsub'
[1.215s] INFO:colcon.colcon_core.shell:Skip shell extension 'powershell' for command environment: Not usable outside of PowerShell
[1.216s] DEBUG:colcon.colcon_core.shell:Skip shell extension 'dsv' for command environment
[2.756s] DEBUG:colcon.colcon_core.event_handler.log_command:Invoking command in '/home/tanish/ros2_ws/src/py_pubsub': DEBUGINFOD_URLS=https://debuginfod.ubuntu.com PYTHONPATH=/home/tanish/ros2_ws/build/py_pubsub/prefix_override:/usr/lib/python3/dist-packages/colcon_core/task/python/colcon_distutils_commands:/home/tanish/ros2_ws/install/py_pubsub/lib/python3.12/site-packages:${PYTHONPATH} /usr/bin/python3 -W ignore:setup.py install is deprecated -W ignore:easy_install command is deprecated setup.py egg_info --egg-base ../../build/py_pubsub build --build-base /home/tanish/ros2_ws/build/py_pubsub/build install --record /home/tanish/ros2_ws/build/py_pubsub/install.log --single-version-externally-managed install_data
[3.258s] Level 1:colcon.colcon_core.environment:checking '/home/tanish/ros2_ws/install/py_pubsub' for CMake module files
[3.259s] DEBUG:colcon.colcon_core.event_handler.log_command:Invoked command in '/home/tanish/ros2_ws/src/py_pubsub' returned '0': DEBUGINFOD_URLS=https://debuginfod.ubuntu.com PYTHONPATH=/home/tanish/ros2_ws/build/py_pubsub/prefix_override:/usr/lib/python3/dist-packages/colcon_core/task/python/colcon_distutils_commands:/home/tanish/ros2_ws/install/py_pubsub/lib/python3.12/site-packages:${PYTHONPATH} /usr/bin/python3 -W ignore:setup.py install is deprecated -W ignore:easy_install command is deprecated setup.py egg_info --egg-base ../../build/py_pubsub build --build-base /home/tanish/ros2_ws/build/py_pubsub/build install --record /home/tanish/ros2_ws/build/py_pubsub/install.log --single-version-externally-managed install_data
[3.260s] Level 1:colcon.colcon_core.environment:checking '/home/tanish/ros2_ws/install/py_pubsub' for CMake config files
[3.260s] Level 1:colcon.colcon_core.environment:checking '/home/tanish/ros2_ws/install/py_pubsub/lib'
[3.261s] Level 1:colcon.colcon_core.environment:checking '/home/tanish/ros2_ws/install/py_pubsub/bin'
[3.261s] Level 1:colcon.colcon_core.environment:checking '/home/tanish/ros2_ws/install/py_pubsub/lib/pkgconfig/py_pubsub.pc'
[3.261s] Level 1:colcon.colcon_core.environment:checking '/home/tanish/ros2_ws/install/py_pubsub/lib/python3.12/site-packages'
[3.261s] Level 1:colcon.colcon_core.shell:create_environment_hook('py_pubsub', 'pythonpath')
[3.261s] INFO:colcon.colcon_core.shell:Creating environment hook '/home/tanish/ros2_ws/install/py_pubsub/share/py_pubsub/hook/pythonpath.ps1'
[3.262s] INFO:colcon.colcon_core.shell:Creating environment descriptor '/home/tanish/ros2_ws/install/py_pubsub/share/py_pubsub/hook/pythonpath.dsv'
[3.262s] INFO:colcon.colcon_core.shell:Creating environment hook '/home/tanish/ros2_ws/install/py_pubsub/share/py_pubsub/hook/pythonpath.sh'
[3.263s] Level 1:colcon.colcon_core.environment:checking '/home/tanish/ros2_ws/install/py_pubsub/bin'
[3.263s] Level 1:colcon.colcon_core.environment:create_environment_scripts_only(py_pubsub)
[3.263s] INFO:colcon.colcon_core.shell:Creating package script '/home/tanish/ros2_ws/install/py_pubsub/share/py_pubsub/package.ps1'
[3.264s] INFO:colcon.colcon_core.shell:Creating package descriptor '/home/tanish/ros2_ws/install/py_pubsub/share/py_pubsub/package.dsv'
[3.265s] INFO:colcon.colcon_core.shell:Creating package script '/home/tanish/ros2_ws/install/py_pubsub/share/py_pubsub/package.sh'
[3.265s] INFO:colcon.colcon_core.shell:Creating package script '/home/tanish/ros2_ws/install/py_pubsub/share/py_pubsub/package.bash'
[3.266s] INFO:colcon.colcon_core.shell:Creating package script '/home/tanish/ros2_ws/install/py_pubsub/share/py_pubsub/package.zsh'
[3.266s] Level 1:colcon.colcon_core.environment:create_file_with_runtime_dependencies(/home/tanish/ros2_ws/install/py_pubsub/share/colcon-core/packages/py_pubsub)
[3.513s] DEBUG:colcon.colcon_core.event_handler.log_command:Invoked command in '/home/tanish/ros2_ws/build/cpp_pubsub' returned '0': CMAKE_PREFIX_PATH=${CMAKE_PREFIX_PATH}:/home/tanish/ros2_ws/install/py_pubsub:/opt/ros/jazzy DEBUGINFOD_URLS=https://debuginfod.ubuntu.com /usr/bin/cmake /home/tanish/ros2_ws/src/cpp_pubsub -DCMAKE_INSTALL_PREFIX=/home/tanish/ros2_ws/install/cpp_pubsub
[3.520s] DEBUG:colcon.colcon_core.event_handler.log_command:Invoking command in '/home/tanish/ros2_ws/build/cpp_pubsub': CMAKE_PREFIX_PATH=${CMAKE_PREFIX_PATH}:/home/tanish/ros2_ws/install/py_pubsub:/opt/ros/jazzy DEBUGINFOD_URLS=https://debuginfod.ubuntu.com /usr/bin/cmake --build /home/tanish/ros2_ws/build/cpp_pubsub -- -j15 -l15
[17.825s] DEBUG:colcon.colcon_core.event_handler.log_command:Invoked command in '/home/tanish/ros2_ws/build/cpp_pubsub' returned '0': CMAKE_PREFIX_PATH=${CMAKE_PREFIX_PATH}:/home/tanish/ros2_ws/install/py_pubsub:/opt/ros/jazzy DEBUGINFOD_URLS=https://debuginfod.ubuntu.com /usr/bin/cmake --build /home/tanish/ros2_ws/build/cpp_pubsub -- -j15 -l15
[17.908s] DEBUG:colcon.colcon_core.event_handler.log_command:Invoking command in '/home/tanish/ros2_ws/build/cpp_pubsub': CMAKE_PREFIX_PATH=${CMAKE_PREFIX_PATH}:/home/tanish/ros2_ws/install/py_pubsub:/opt/ros/jazzy DEBUGINFOD_URLS=https://debuginfod.ubuntu.com /usr/bin/cmake --install /home/tanish/ros2_ws/build/cpp_pubsub
[17.942s] Level 1:colcon.colcon_core.environment:create_environment_scripts_only(cpp_pubsub)
[17.942s] Level 1:colcon.colcon_core.environment:checking '/home/tanish/ros2_ws/install/cpp_pubsub' for CMake module files
[17.980s] DEBUG:colcon.colcon_core.event_handler.log_command:Invoked command in '/home/tanish/ros2_ws/build/cpp_pubsub' returned '0': CMAKE_PREFIX_PATH=${CMAKE_PREFIX_PATH}:/home/tanish/ros2_ws/install/py_pubsub:/opt/ros/jazzy DEBUGINFOD_URLS=https://debuginfod.ubuntu.com /usr/bin/cmake --install /home/tanish/ros2_ws/build/cpp_pubsub
[17.987s] Level 1:colcon.colcon_core.environment:checking '/home/tanish/ros2_ws/install/cpp_pubsub' for CMake config files
[17.988s] Level 1:colcon.colcon_core.shell:create_environment_hook('cpp_pubsub', 'cmake_prefix_path')
[17.988s] INFO:colcon.colcon_core.shell:Creating environment hook '/home/tanish/ros2_ws/install/cpp_pubsub/share/cpp_pubsub/hook/cmake_prefix_path.ps1'
[18.023s] INFO:colcon.colcon_core.shell:Creating environment descriptor '/home/tanish/ros2_ws/install/cpp_pubsub/share/cpp_pubsub/hook/cmake_prefix_path.dsv'
[18.031s] INFO:colcon.colcon_core.shell:Creating environment hook '/home/tanish/ros2_ws/install/cpp_pubsub/share/cpp_pubsub/hook/cmake_prefix_path.sh'
[18.056s] Level 1:colcon.colcon_core.environment:checking '/home/tanish/ros2_ws/install/cpp_pubsub/lib'
[18.056s] Level 1:colcon.colcon_core.environment:checking '/home/tanish/ros2_ws/install/cpp_pubsub/bin'
[18.056s] Level 1:colcon.colcon_core.environment:checking '/home/tanish/ros2_ws/install/cpp_pubsub/lib/pkgconfig/cpp_pubsub.pc'
[18.056s] Level 1:colcon.colcon_core.environment:checking '/home/tanish/ros2_ws/install/cpp_pubsub/lib/python3.12/site-packages'
[18.058s] Level 1:colcon.colcon_core.environment:checking '/home/tanish/ros2_ws/install/cpp_pubsub/bin'
[18.061s] INFO:colcon.colcon_core.shell:Creating package script '/home/tanish/ros2_ws/install/cpp_pubsub/share/cpp_pubsub/package.ps1'
[18.065s] INFO:colcon.colcon_core.shell:Creating package descriptor '/home/tanish/ros2_ws/install/cpp_pubsub/share/cpp_pubsub/package.dsv'
[18.067s] INFO:colcon.colcon_core.shell:Creating package script '/home/tanish/ros2_ws/install/cpp_pubsub/share/cpp_pubsub/package.sh'
[18.069s] INFO:colcon.colcon_core.shell:Creating package script '/home/tanish/ros2_ws/install/cpp_pubsub/share/cpp_pubsub/package.bash'
[18.069s] INFO:colcon.colcon_core.shell:Creating package script '/home/tanish/ros2_ws/install/cpp_pubsub/share/cpp_pubsub/package.zsh'
[18.070s] Level 1:colcon.colcon_core.environment:create_file_with_runtime_dependencies(/home/tanish/ros2_ws/install/cpp_pubsub/share/colcon-core/packages/cpp_pubsub)
[18.070s] Level 1:colcon.colcon_core.environment:create_environment_scripts_only(cpp_pubsub)
[18.070s] Level 1:colcon.colcon_core.environment:checking '/home/tanish/ros2_ws/install/cpp_pubsub' for CMake module files
[18.071s] Level 1:colcon.colcon_core.environment:checking '/home/tanish/ros2_ws/install/cpp_pubsub' for CMake config files
[18.071s] Level 1:colcon.colcon_core.shell:create_environment_hook('cpp_pubsub', 'cmake_prefix_path')
[18.071s] INFO:colcon.colcon_core.shell:Creating environment hook '/home/tanish/ros2_ws/install/cpp_pubsub/share/cpp_pubsub/hook/cmake_prefix_path.ps1'
[18.071s] INFO:colcon.colcon_core.shell:Creating environment descriptor '/home/tanish/ros2_ws/install/cpp_pubsub/share/cpp_pubsub/hook/cmake_prefix_path.dsv'
[18.072s] INFO:colcon.colcon_core.shell:Creating environment hook '/home/tanish/ros2_ws/install/cpp_pubsub/share/cpp_pubsub/hook/cmake_prefix_path.sh'
[18.072s] Level 1:colcon.colcon_core.environment:checking '/home/tanish/ros2_ws/install/cpp_pubsub/lib'
[18.072s] Level 1:colcon.colcon_core.environment:checking '/home/tanish/ros2_ws/install/cpp_pubsub/bin'
[18.073s] Level 1:colcon.colcon_core.environment:checking '/home/tanish/ros2_ws/install/cpp_pubsub/lib/pkgconfig/cpp_pubsub.pc'
[18.073s] Level 1:colcon.colcon_core.environment:checking '/home/tanish/ros2_ws/install/cpp_pubsub/lib/python3.12/site-packages'
[18.073s] Level 1:colcon.colcon_core.environment:checking '/home/tanish/ros2_ws/install/cpp_pubsub/bin'
[18.073s] INFO:colcon.colcon_core.shell:Creating package script '/home/tanish/ros2_ws/install/cpp_pubsub/share/cpp_pubsub/package.ps1'
[18.074s] INFO:colcon.colcon_core.shell:Creating package descriptor '/home/tanish/ros2_ws/install/cpp_pubsub/share/cpp_pubsub/package.dsv'
[18.074s] INFO:colcon.colcon_core.shell:Creating package script '/home/tanish/ros2_ws/install/cpp_pubsub/share/cpp_pubsub/package.sh'
[18.077s] INFO:colcon.colcon_core.shell:Creating package script '/home/tanish/ros2_ws/install/cpp_pubsub/share/cpp_pubsub/package.bash'
[18.084s] INFO:colcon.colcon_core.shell:Creating package script '/home/tanish/ros2_ws/install/cpp_pubsub/share/cpp_pubsub/package.zsh'
[18.086s] Level 1:colcon.colcon_core.environment:create_file_with_runtime_dependencies(/home/tanish/ros2_ws/install/cpp_pubsub/share/colcon-core/packages/cpp_pubsub)
[18.087s] DEBUG:colcon.colcon_parallel_executor.executor.parallel:closing loop
[18.087s] DEBUG:colcon.colcon_parallel_executor.executor.parallel:loop closed
[18.087s] DEBUG:colcon.colcon_parallel_executor.executor.parallel:run_until_complete finished with '0'
[18.087s] DEBUG:colcon.colcon_core.event_reactor:joining thread
[18.114s] INFO:colcon.colcon_core.plugin_system:Skipping extension 'colcon_notification.desktop_notification.terminal_notifier': Not used on non-Darwin systems
[18.114s] INFO:colcon.colcon_core.plugin_system:Skipping extension 'colcon_notification.desktop_notification.win32': Not used on non-Windows systems
[18.114s] INFO:colcon.colcon_notification.desktop_notification:Sending desktop notification using 'notify2'
[18.382s] DEBUG:colcon.colcon_core.event_reactor:joined thread
[18.382s] INFO:colcon.colcon_core.shell:Creating prefix script '/home/tanish/ros2_ws/install/local_setup.ps1'
[18.383s] INFO:colcon.colcon_core.shell:Creating prefix util module '/home/tanish/ros2_ws/install/_local_setup_util_ps1.py'
[18.384s] INFO:colcon.colcon_core.shell:Creating prefix chain script '/home/tanish/ros2_ws/install/setup.ps1'
[18.387s] INFO:colcon.colcon_core.shell:Creating prefix script '/home/tanish/ros2_ws/install/local_setup.sh'
[18.387s] INFO:colcon.colcon_core.shell:Creating prefix util module '/home/tanish/ros2_ws/install/_local_setup_util_sh.py'
[18.388s] INFO:colcon.colcon_core.shell:Creating prefix chain script '/home/tanish/ros2_ws/install/setup.sh'
[18.388s] INFO:colcon.colcon_core.shell:Creating prefix script '/home/tanish/ros2_ws/install/local_setup.bash'
[18.389s] INFO:colcon.colcon_core.shell:Creating prefix chain script '/home/tanish/ros2_ws/install/setup.bash'
[18.390s] INFO:colcon.colcon_core.shell:Creating prefix script '/home/tanish/ros2_ws/install/local_setup.zsh'
[18.390s] INFO:colcon.colcon_core.shell:Creating prefix chain script '/home/tanish/ros2_ws/install/setup.zsh'
